BGP neighbor is 10.255.0.4, remote AS 65000, internal link
 Description: s2-p02_Loopback0
  BGP version 4, remote router ID 0.0.0.0, VRF default
  Inherits configuration from and member of peer-group RR-OVERLAY-PEERS
  Last read never, last write never
  Hold time is 0, keepalive interval is 0 seconds
  Configured hold time is 180, keepalive interval is 60 seconds
  Effective minimum hold time is 3 seconds
  Send failure hold time is 0 seconds
  Hold timer is inactive
  Keepalive timer is inactive
  Connect timer is active, time left: 00:00:28
  Connection interval is 148 seconds
  Failed connection attempts is 33
  Idle-restart timer is inactive
  BGP state is Active
  Number of transitions to established: 0
  Last state was Connect
  Last event was TransportError
  Last sent socket-error:Connect (Network is unreachable), Last time 00:02:38, First time 01:15:25, Repeats 32
  Types of communities advertised: standard extended large
  Neighbor Capabilities:
  Restart timer is inactive
  End of rib timer is inactive
  IPv4 Unicast AS_SET/AS_CONFED_SET processing: accept
  IPv6 Unicast AS_SET/AS_CONFED_SET processing: accept
  AIGP attribute send and receive for IPv4 Unicast are enabled
  AIGP attribute send and receive for IPv4 with MPLS Labels are enabled
  AIGP attribute send and receive for IPv6 Unicast are enabled
  AIGP attribute send and receive for IPv6 with MPLS Labels are enabled
  BGP session driven failover for IPv6 Unicast is disabled
  BGP session driven failover for IPv4 Unicast is disabled
  Message Statistics:
                         Sent      Rcvd
    Opens:                  0         0
    Notifications:          0         0
    Updates:                0         0
    Keepalives:             0         0
    Route Refresh:          0         0
    Total messages:         0         0
  Prefix Statistics:
                                   Sent      Rcvd     Best Paths     Best ECMP Paths
    IPv4 Unicast:                     0         0              0                   0
    IPv6 Unicast:                     0         0              0                   0
  Configured maximum total number of routes is 0
  Inbound updates dropped by reason:
    AS path loop detection: 0
    Cluster ID loop detection: 0
    Enforced First AS: 0
    Malformed MPBGP routes: 0
    Originator ID matches local router ID: 0
    Nexthop matches local IP address: 0
    Unexpected IPv6 nexthop for IPv4 routes: 0
    AS_SET/AS_CONFED_SET in AS_PATH for IPv4 Unicast: 0
    AS_SET/AS_CONFED_SET in AS_PATH for IPv6 Unicast: 0
  Inbound updates with attribute errors:
    Resulting in removal of all paths in update (treat as withdraw): 0
    Resulting in AFI/SAFI disable: 0
    Resulting in attribute ignore: 0
    Disabled AFI/SAFIs: None
  Inbound paths dropped by reason:
    IPv4 unicast NLRIs dropped due to martian prefix: 0
    IPv6 unicast NLRIs dropped due to martian prefix: 0
    IPv4 labeled-unicast NLRIs dropped due to excessive labels: 0
    IPv4 labeled-unicast NLRIs dropped due to martian prefix: 0
    IPv6 labeled-unicast NLRIs dropped due to excessive labels: 0
    IPv6 labeled-unicast NLRIs dropped due to martian prefix: 0
    VPN-IPv4 NLRIs dropped due to route import match failure: 0
    VPN-IPv6 NLRIs dropped due to route import match failure: 0
    L2VPN EVPN NLRIs dropped due to route import match failure: 0
    L2VPN EVPN NLRIs dropped due to unsupported route type: 0
    Link-state NLRIs dropped because reception is unsupported: 0
    RT Membership NLRIs dropped due to local origin ASN received from external peer: 0
  Outbound paths dropped by reason:
    IPv4 local address not available: 0
    IPv6 local address not available: 0
Local AS is 65000, local router ID 10.255.0.1
TTL is 255
Local TCP address is 10.255.0.1
Remote TCP address is 10.255.0.4, remote port is 179
BFD is enabled and state is Down

BGP neighbor is 10.255.1.1, remote AS 65000, internal link
 Description: s1-pe01_Loopback0
  BGP version 4, remote router ID 0.0.0.0, VRF default
  Inherits configuration from and member of peer-group MPLS-OVERLAY-PEERS
  Last read never, last write never
  Hold time is 0, keepalive interval is 0 seconds
  Configured hold time is 180, keepalive interval is 60 seconds
  Effective minimum hold time is 3 seconds
  Send failure hold time is 0 seconds
  Hold timer is inactive
  Keepalive timer is inactive
  Connect timer is active, time left: 00:02:40
  Connection interval is 148 seconds
  Failed connection attempts is 34
  Idle-restart timer is inactive
  BGP state is Active
  Number of transitions to established: 0
  Last state was Connect
  Last event was TransportError
  Last sent socket-error:Connect (Network is unreachable), Last time 00:00:20, First time 01:15:25, Repeats 33
  Types of communities advertised: standard extended large
  Neighbor is a route reflector client
  Neighbor is using global cluster ID 10.255.0.1
  Neighbor Capabilities:
  Restart timer is inactive
  End of rib timer is inactive
  IPv4 Unicast AS_SET/AS_CONFED_SET processing: accept
  IPv6 Unicast AS_SET/AS_CONFED_SET processing: accept
  AIGP attribute send and receive for IPv4 Unicast are enabled
  AIGP attribute send and receive for IPv4 with MPLS Labels are enabled
  AIGP attribute send and receive for IPv6 Unicast are enabled
  AIGP attribute send and receive for IPv6 with MPLS Labels are enabled
  BGP session driven failover for IPv6 Unicast is disabled
  BGP session driven failover for IPv4 Unicast is disabled
  Message Statistics:
                         Sent      Rcvd
    Opens:                  0         0
    Notifications:          0         0
    Updates:                0         0
    Keepalives:             0         0
    Route Refresh:          0         0
    Total messages:         0         0
  Prefix Statistics:
                                   Sent      Rcvd     Best Paths     Best ECMP Paths
    IPv4 Unicast:                     0         0              0                   0
    IPv6 Unicast:                     0         0              0                   0
  Configured maximum total number of routes is 0
  Inbound updates dropped by reason:
    AS path loop detection: 0
    Cluster ID loop detection: 0
    Enforced First AS: 0
    Malformed MPBGP routes: 0
    Originator ID matches local router ID: 0
    Nexthop matches local IP address: 0
    Unexpected IPv6 nexthop for IPv4 routes: 0
    AS_SET/AS_CONFED_SET in AS_PATH for IPv4 Unicast: 0
    AS_SET/AS_CONFED_SET in AS_PATH for IPv6 Unicast: 0
  Inbound updates with attribute errors:
    Resulting in removal of all paths in update (treat as withdraw): 0
    Resulting in AFI/SAFI disable: 0
    Resulting in attribute ignore: 0
    Disabled AFI/SAFIs: None
  Inbound paths dropped by reason:
    IPv4 unicast NLRIs dropped due to martian prefix: 0
    IPv6 unicast NLRIs dropped due to martian prefix: 0
    IPv4 labeled-unicast NLRIs dropped due to excessive labels: 0
    IPv4 labeled-unicast NLRIs dropped due to martian prefix: 0
    IPv6 labeled-unicast NLRIs dropped due to excessive labels: 0
    IPv6 labeled-unicast NLRIs dropped due to martian prefix: 0
    VPN-IPv4 NLRIs dropped due to route import match failure: 0
    VPN-IPv6 NLRIs dropped due to route import match failure: 0
    L2VPN EVPN NLRIs dropped due to route import match failure: 0
    L2VPN EVPN NLRIs dropped due to unsupported route type: 0
    Link-state NLRIs dropped because reception is unsupported: 0
    RT Membership NLRIs dropped due to local origin ASN received from external peer: 0
  Outbound paths dropped by reason:
    IPv4 local address not available: 0
    IPv6 local address not available: 0
Local AS is 65000, local router ID 10.255.0.1
TTL is 255
Local TCP address is 10.255.0.1
Remote TCP address is 10.255.1.1, remote port is 179
BFD is enabled and state is Down

BGP neighbor is 10.255.1.2, remote AS 65000, internal link
 Description: s1-pe02_Loopback0
  BGP version 4, remote router ID 0.0.0.0, VRF default
  Inherits configuration from and member of peer-group MPLS-OVERLAY-PEERS
  Last read never, last write never
  Hold time is 0, keepalive interval is 0 seconds
  Configured hold time is 180, keepalive interval is 60 seconds
  Effective minimum hold time is 3 seconds
  Send failure hold time is 0 seconds
  Hold timer is inactive
  Keepalive timer is inactive
  Connect timer is active, time left: 00:02:19
  Connection interval is 148 seconds
  Failed connection attempts is 34
  Idle-restart timer is inactive
  BGP state is Active
  Number of transitions to established: 0
  Last state was Connect
  Last event was TransportError
  Last sent socket-error:Connect (Network is unreachable), Last time 00:00:38, First time 01:15:25, Repeats 33
  Types of communities advertised: standard extended large
  Neighbor is a route reflector client
  Neighbor is using global cluster ID 10.255.0.1
  Neighbor Capabilities:
  Restart timer is inactive
  End of rib timer is inactive
  IPv4 Unicast AS_SET/AS_CONFED_SET processing: accept
  IPv6 Unicast AS_SET/AS_CONFED_SET processing: accept
  AIGP attribute send and receive for IPv4 Unicast are enabled
  AIGP attribute send and receive for IPv4 with MPLS Labels are enabled
  AIGP attribute send and receive for IPv6 Unicast are enabled
  AIGP attribute send and receive for IPv6 with MPLS Labels are enabled
  BGP session driven failover for IPv6 Unicast is disabled
  BGP session driven failover for IPv4 Unicast is disabled
  Message Statistics:
                         Sent      Rcvd
    Opens:                  0         0
    Notifications:          0         0
    Updates:                0         0
    Keepalives:             0         0
    Route Refresh:          0         0
    Total messages:         0         0
  Prefix Statistics:
                                   Sent      Rcvd     Best Paths     Best ECMP Paths
    IPv4 Unicast:                     0         0              0                   0
    IPv6 Unicast:                     0         0              0                   0
  Configured maximum total number of routes is 0
  Inbound updates dropped by reason:
    AS path loop detection: 0
    Cluster ID loop detection: 0
    Enforced First AS: 0
    Malformed MPBGP routes: 0
    Originator ID matches local router ID: 0
    Nexthop matches local IP address: 0
    Unexpected IPv6 nexthop for IPv4 routes: 0
    AS_SET/AS_CONFED_SET in AS_PATH for IPv4 Unicast: 0
    AS_SET/AS_CONFED_SET in AS_PATH for IPv6 Unicast: 0
  Inbound updates with attribute errors:
    Resulting in removal of all paths in update (treat as withdraw): 0
    Resulting in AFI/SAFI disable: 0
    Resulting in attribute ignore: 0
    Disabled AFI/SAFIs: None
  Inbound paths dropped by reason:
    IPv4 unicast NLRIs dropped due to martian prefix: 0
    IPv6 unicast NLRIs dropped due to martian prefix: 0
    IPv4 labeled-unicast NLRIs dropped due to excessive labels: 0
    IPv4 labeled-unicast NLRIs dropped due to martian prefix: 0
    IPv6 labeled-unicast NLRIs dropped due to excessive labels: 0
    IPv6 labeled-unicast NLRIs dropped due to martian prefix: 0
    VPN-IPv4 NLRIs dropped due to route import match failure: 0
    VPN-IPv6 NLRIs dropped due to route import match failure: 0
    L2VPN EVPN NLRIs dropped due to route import match failure: 0
    L2VPN EVPN NLRIs dropped due to unsupported route type: 0
    Link-state NLRIs dropped because reception is unsupported: 0
    RT Membership NLRIs dropped due to local origin ASN received from external peer: 0
  Outbound paths dropped by reason:
    IPv4 local address not available: 0
    IPv6 local address not available: 0
Local AS is 65000, local router ID 10.255.0.1
TTL is 255
Local TCP address is 10.255.0.1
Remote TCP address is 10.255.1.2, remote port is 179
BFD is enabled and state is Down

BGP neighbor is 10.255.1.3, remote AS 65000, internal link
 Description: s1-pe03_Loopback0
  BGP version 4, remote router ID 10.255.1.3, VRF default
  Inherits configuration from and member of peer-group MPLS-OVERLAY-PEERS
  Last read 00:00:27, last write 00:00:14
  Hold time is 180, keepalive interval is 60 seconds
  Configured hold time is 180, keepalive interval is 60 seconds
  Effective minimum hold time is 3 seconds
  Send failure hold time is 0 seconds
  Hold timer is active, time left: 00:02:33
  Keepalive timer is active, time left: 00:00:38
  Connect timer is inactive
  Idle-restart timer is inactive
  BGP state is Established, up for 01:15:24
  Number of transitions to established: 1
  Last state was OpenConfirm
  Last event was Established
  Last sent notification:Cease/connection collision resolution, Last time 01:15:24
  Last sent socket-error:Connect (Network is unreachable), Last time 01:15:25
  Types of communities advertised: standard extended large
  Enhanced route refresh stale path removal disabled
  Outbound enhanced route refresh enabled
  Neighbor is a route reflector client
  Neighbor is using global cluster ID 10.255.0.1
  Neighbor Capabilities:
    Multiprotocol L2VPN EVPN: advertised and received and negotiated
    Four Octet ASN: advertised and received and negotiated
    Route Refresh: advertised and received and negotiated
    Enhanced route refresh: advertised and received and negotiated
    Send End-of-RIB messages: advertised and received and negotiated
    Additional-paths recv capability:
      L2VPN EVPN: advertised
    Additional-paths send capability:
      L2VPN EVPN: received
    Graceful Restart advertised:
      Restart-time is 300
      Restart-State bit: yes
      Graceful notification: yes
    Graceful Restart received:
      Restart-time is 300
      Restart-State bit: yes
      Graceful notification: yes
  Restart timer is inactive
  End of rib timer is inactive
    L2VPN EVPN End-of-RIB received: Yes
      Received 01:13:54
      Number of stale paths removed after graceful restart: 0
      Number of paths received before End-of-RIB: 8
  IPv4 Unicast AS_SET/AS_CONFED_SET processing: accept
  IPv6 Unicast AS_SET/AS_CONFED_SET processing: accept
  AIGP attribute send and receive for IPv4 Unicast are enabled
  AIGP attribute send and receive for IPv4 with MPLS Labels are enabled
  AIGP attribute send and receive for IPv6 Unicast are enabled
  AIGP attribute send and receive for IPv6 with MPLS Labels are enabled
  BGP session driven failover for IPv6 Unicast is disabled
  BGP session driven failover for IPv4 Unicast is disabled
  Message Statistics:
                                  Sent      Rcvd
    Opens:                           2         1
    Notifications:                   1         0
    Updates:                        14         8
    Keepalives:                     90        87
    Enhanced Route Refresh:          0         0
    Begin of Route Refresh:          0         0
    End of Route Refresh:            0         0
    Total messages:                107        96
  Prefix Statistics:
                                   Sent      Rcvd     Best Paths     Best ECMP Paths
    IPv4 Unicast:                     0         0              0                   0
    IPv6 Unicast:                     0         0              0                   0
    EVPN:                            14         6              6                   0
  Configured maximum total number of routes is 0
  Inbound updates dropped by reason:
    AS path loop detection: 0
    Cluster ID loop detection: 0
    Enforced First AS: 0
    Malformed MPBGP routes: 0
    Originator ID matches local router ID: 0
    Nexthop matches local IP address: 0
    Unexpected IPv6 nexthop for IPv4 routes: 0
    AS_SET/AS_CONFED_SET in AS_PATH for IPv4 Unicast: 0
    AS_SET/AS_CONFED_SET in AS_PATH for IPv6 Unicast: 0
  Inbound updates with attribute errors:
    Resulting in removal of all paths in update (treat as withdraw): 0
    Resulting in AFI/SAFI disable: 0
    Resulting in attribute ignore: 0
    Disabled AFI/SAFIs: None
  Inbound paths dropped by reason:
    IPv4 unicast NLRIs dropped due to martian prefix: 0
    IPv6 unicast NLRIs dropped due to martian prefix: 0
    IPv4 labeled-unicast NLRIs dropped due to excessive labels: 0
    IPv4 labeled-unicast NLRIs dropped due to martian prefix: 0
    IPv6 labeled-unicast NLRIs dropped due to excessive labels: 0
    IPv6 labeled-unicast NLRIs dropped due to martian prefix: 0
    VPN-IPv4 NLRIs dropped due to route import match failure: 0
    VPN-IPv6 NLRIs dropped due to route import match failure: 0
    L2VPN EVPN NLRIs dropped due to route import match failure: 0
    L2VPN EVPN NLRIs dropped due to unsupported route type: 0
    L2VPN EVPN NLRIs dropped due to maximum route limit violation: 0
    Link-state NLRIs dropped because reception is unsupported: 0
    RT Membership NLRIs dropped due to local origin ASN received from external peer: 0
  Outbound paths dropped by reason:
    IPv4 local address not available: 0
    IPv6 local address not available: 0
Local AS is 65000, local router ID 10.255.0.1
TTL is 255
Local TCP address is 10.255.0.1, local port is 179
Remote TCP address is 10.255.1.3, remote port is 45373
Local next hop for next hop self:
  L2VPN EVPN: 10.255.0.1
BFD is enabled and state is Up
TCP Socket Information:
  TCP state is ESTABLISHED
  Recv-Q: 0/32768
  Send-Q: 0/87040
  Outgoing Maximum Segment Size (MSS): 1448
  Total Number of TCP retransmissions: 0
  Options:
    Timestamps enabled: yes
    Selective Acknowledgments enabled: yes
    Window Scale enabled: yes
    Explicit Congestion Notification (ECN) enabled: no
  Socket Statistics:
    Window Scale (wscale): 7,7
    Retransmission Timeout (rto): 201.0ms
    Round-trip Time (rtt/rtvar): 0.1ms/0.0ms
    Delayed Ack Timeout (ato): 40.0ms
    Congestion Window (cwnd): 10
    TCP Throughput: 1448.00 Mbps
    Advertised Recv Window (rcv_space): 14600

BGP neighbor is 10.255.1.4, remote AS 65000, internal link
 Description: s1-pe04_Loopback0
  BGP version 4, remote router ID 10.255.1.4, VRF default
  Inherits configuration from and member of peer-group MPLS-OVERLAY-PEERS
  Last read 00:00:14, last write 00:00:30
  Hold time is 180, keepalive interval is 60 seconds
  Configured hold time is 180, keepalive interval is 60 seconds
  Effective minimum hold time is 3 seconds
  Send failure hold time is 0 seconds
  Hold timer is active, time left: 00:02:46
  Keepalive timer is active, time left: 00:00:20
  Connect timer is inactive
  Idle-restart timer is inactive
  BGP state is Established, up for 01:15:15
  Number of transitions to established: 1
  Last state was OpenConfirm
  Last event was Established
  Last sent socket-error:Connect (Network is unreachable), Last time 01:15:16, First time 01:15:25, Repeats 2
  Types of communities advertised: standard extended large
  Enhanced route refresh stale path removal disabled
  Outbound enhanced route refresh enabled
  Neighbor is a route reflector client
  Neighbor is using global cluster ID 10.255.0.1
  Neighbor Capabilities:
    Multiprotocol L2VPN EVPN: advertised and received and negotiated
    Four Octet ASN: advertised and received and negotiated
    Route Refresh: advertised and received and negotiated
    Enhanced route refresh: advertised and received and negotiated
    Send End-of-RIB messages: advertised and received and negotiated
    Additional-paths recv capability:
      L2VPN EVPN: advertised
    Additional-paths send capability:
      L2VPN EVPN: received
    Graceful Restart advertised:
      Restart-time is 300
      Restart-State bit: yes
      Graceful notification: yes
    Graceful Restart received:
      Restart-time is 300
      Restart-State bit: yes
      Graceful notification: yes
  Restart timer is inactive
  End of rib timer is inactive
    L2VPN EVPN End-of-RIB received: Yes
      Received 01:13:45
      Number of stale paths removed after graceful restart: 0
      Number of paths received before End-of-RIB: 8
  IPv4 Unicast AS_SET/AS_CONFED_SET processing: accept
  IPv6 Unicast AS_SET/AS_CONFED_SET processing: accept
  AIGP attribute send and receive for IPv4 Unicast are enabled
  AIGP attribute send and receive for IPv4 with MPLS Labels are enabled
  AIGP attribute send and receive for IPv6 Unicast are enabled
  AIGP attribute send and receive for IPv6 with MPLS Labels are enabled
  BGP session driven failover for IPv6 Unicast is disabled
  BGP session driven failover for IPv4 Unicast is disabled
  Message Statistics:
                                  Sent      Rcvd
    Opens:                           1         1
    Notifications:                   0         0
    Updates:                        14         8
    Keepalives:                     89        89
    Enhanced Route Refresh:          0         0
    Begin of Route Refresh:          0         0
    End of Route Refresh:            0         0
    Total messages:                104        98
  Prefix Statistics:
                                   Sent      Rcvd     Best Paths     Best ECMP Paths
    IPv4 Unicast:                     0         0              0                   0
    IPv6 Unicast:                     0         0              0                   0
    EVPN:                            14         6              6                   0
  Configured maximum total number of routes is 0
  Inbound updates dropped by reason:
    AS path loop detection: 0
    Cluster ID loop detection: 0
    Enforced First AS: 0
    Malformed MPBGP routes: 0
    Originator ID matches local router ID: 0
    Nexthop matches local IP address: 0
    Unexpected IPv6 nexthop for IPv4 routes: 0
    AS_SET/AS_CONFED_SET in AS_PATH for IPv4 Unicast: 0
    AS_SET/AS_CONFED_SET in AS_PATH for IPv6 Unicast: 0
  Inbound updates with attribute errors:
    Resulting in removal of all paths in update (treat as withdraw): 0
    Resulting in AFI/SAFI disable: 0
    Resulting in attribute ignore: 0
    Disabled AFI/SAFIs: None
  Inbound paths dropped by reason:
    IPv4 unicast NLRIs dropped due to martian prefix: 0
    IPv6 unicast NLRIs dropped due to martian prefix: 0
    IPv4 labeled-unicast NLRIs dropped due to excessive labels: 0
    IPv4 labeled-unicast NLRIs dropped due to martian prefix: 0
    IPv6 labeled-unicast NLRIs dropped due to excessive labels: 0
    IPv6 labeled-unicast NLRIs dropped due to martian prefix: 0
    VPN-IPv4 NLRIs dropped due to route import match failure: 0
    VPN-IPv6 NLRIs dropped due to route import match failure: 0
    L2VPN EVPN NLRIs dropped due to route import match failure: 0
    L2VPN EVPN NLRIs dropped due to unsupported route type: 0
    L2VPN EVPN NLRIs dropped due to maximum route limit violation: 0
    Link-state NLRIs dropped because reception is unsupported: 0
    RT Membership NLRIs dropped due to local origin ASN received from external peer: 0
  Outbound paths dropped by reason:
    IPv4 local address not available: 0
    IPv6 local address not available: 0
Local AS is 65000, local router ID 10.255.0.1
TTL is 255
Local TCP address is 10.255.0.1, local port is 43447
Remote TCP address is 10.255.1.4, remote port is 179
Local next hop for next hop self:
  L2VPN EVPN: 10.255.0.1
BFD is enabled and state is Up
TCP Socket Information:
  TCP state is ESTABLISHED
  Recv-Q: 0/32768
  Send-Q: 0/87040
  Outgoing Maximum Segment Size (MSS): 1448
  Total Number of TCP retransmissions: 0
  Options:
    Timestamps enabled: yes
    Selective Acknowledgments enabled: yes
    Window Scale enabled: yes
    Explicit Congestion Notification (ECN) enabled: no
  Socket Statistics:
    Window Scale (wscale): 7,7
    Retransmission Timeout (rto): 201.0ms
    Round-trip Time (rtt/rtvar): 0.1ms/0.0ms
    Delayed Ack Timeout (ato): 40.0ms
    Congestion Window (cwnd): 10
    TCP Throughput: 1485.13 Mbps
    Advertised Recv Window (rcv_space): 14480

BGP neighbor is 10.255.1.5, remote AS 65000, internal link
 Description: s2-pe01_Loopback0
  BGP version 4, remote router ID 10.255.1.5, VRF default
  Inherits configuration from and member of peer-group MPLS-OVERLAY-PEERS
  Last read 00:00:43, last write 00:00:35
  Hold time is 180, keepalive interval is 60 seconds
  Configured hold time is 180, keepalive interval is 60 seconds
  Effective minimum hold time is 3 seconds
  Send failure hold time is 0 seconds
  Hold timer is active, time left: 00:02:17
  Keepalive timer is active, time left: 00:00:17
  Connect timer is inactive
  Idle-restart timer is inactive
  BGP state is Established, up for 01:05:31
  Number of transitions to established: 1
  Last state was OpenConfirm
  Last event was RecvUpdate
  Last sent socket-error:Connect (Network is unreachable), Last time 01:06:11, First time 01:15:25, Repeats 10
  Types of communities advertised: standard extended large
  Enhanced route refresh stale path removal disabled
  Outbound enhanced route refresh enabled
  Neighbor is a route reflector client
  Neighbor is using global cluster ID 10.255.0.1
  Neighbor Capabilities:
    Multiprotocol L2VPN EVPN: advertised and received and negotiated
    Four Octet ASN: advertised and received and negotiated
    Route Refresh: advertised and received and negotiated
    Enhanced route refresh: advertised and received and negotiated
    Send End-of-RIB messages: advertised and received and negotiated
    Additional-paths recv capability:
      L2VPN EVPN: advertised
    Additional-paths send capability:
      L2VPN EVPN: received
    Graceful Restart advertised:
      Restart-time is 300
      Restart-State bit: no
      Graceful notification: yes
    Graceful Restart received:
      Restart-time is 300
      Restart-State bit: yes
      Graceful notification: yes
  Restart timer is inactive
  End of rib timer is inactive
    L2VPN EVPN End-of-RIB received: Yes
      Received 01:04:01
      Number of stale paths removed after graceful restart: 0
      Number of paths received before End-of-RIB: 8
  IPv4 Unicast AS_SET/AS_CONFED_SET processing: accept
  IPv6 Unicast AS_SET/AS_CONFED_SET processing: accept
  AIGP attribute send and receive for IPv4 Unicast are enabled
  AIGP attribute send and receive for IPv4 with MPLS Labels are enabled
  AIGP attribute send and receive for IPv6 Unicast are enabled
  AIGP attribute send and receive for IPv6 with MPLS Labels are enabled
  BGP session driven failover for IPv6 Unicast is disabled
  BGP session driven failover for IPv4 Unicast is disabled
  Message Statistics:
                                  Sent      Rcvd
    Opens:                           1         1
    Notifications:                   0         0
    Updates:                         9         7
    Keepalives:                     78        77
    Enhanced Route Refresh:          0         0
    Begin of Route Refresh:          0         0
    End of Route Refresh:            0         0
    Total messages:                 88        85
  Prefix Statistics:
                                   Sent      Rcvd     Best Paths     Best ECMP Paths
    IPv4 Unicast:                     0         0              0                   0
    IPv6 Unicast:                     0         0              0                   0
    EVPN:                            12         8              8                   0
  Configured maximum total number of routes is 0
  Inbound updates dropped by reason:
    AS path loop detection: 0
    Cluster ID loop detection: 0
    Enforced First AS: 0
    Malformed MPBGP routes: 0
    Originator ID matches local router ID: 0
    Nexthop matches local IP address: 0
    Unexpected IPv6 nexthop for IPv4 routes: 0
    AS_SET/AS_CONFED_SET in AS_PATH for IPv4 Unicast: 0
    AS_SET/AS_CONFED_SET in AS_PATH for IPv6 Unicast: 0
  Inbound updates with attribute errors:
    Resulting in removal of all paths in update (treat as withdraw): 0
    Resulting in AFI/SAFI disable: 0
    Resulting in attribute ignore: 0
    Disabled AFI/SAFIs: None
  Inbound paths dropped by reason:
    IPv4 unicast NLRIs dropped due to martian prefix: 0
    IPv6 unicast NLRIs dropped due to martian prefix: 0
    IPv4 labeled-unicast NLRIs dropped due to excessive labels: 0
    IPv4 labeled-unicast NLRIs dropped due to martian prefix: 0
    IPv6 labeled-unicast NLRIs dropped due to excessive labels: 0
    IPv6 labeled-unicast NLRIs dropped due to martian prefix: 0
    VPN-IPv4 NLRIs dropped due to route import match failure: 0
    VPN-IPv6 NLRIs dropped due to route import match failure: 0
    L2VPN EVPN NLRIs dropped due to route import match failure: 0
    L2VPN EVPN NLRIs dropped due to unsupported route type: 0
    L2VPN EVPN NLRIs dropped due to maximum route limit violation: 0
    Link-state NLRIs dropped because reception is unsupported: 0
    RT Membership NLRIs dropped due to local origin ASN received from external peer: 0
  Outbound paths dropped by reason:
    IPv4 local address not available: 0
    IPv6 local address not available: 0
Local AS is 65000, local router ID 10.255.0.1
TTL is 255
Local TCP address is 10.255.0.1, local port is 41475
Remote TCP address is 10.255.1.5, remote port is 179
Local next hop for next hop self:
  L2VPN EVPN: 10.255.0.1
BFD is enabled and state is Up
TCP Socket Information:
  TCP state is ESTABLISHED
  Recv-Q: 0/32768
  Send-Q: 0/87040
  Outgoing Maximum Segment Size (MSS): 1448
  Total Number of TCP retransmissions: 0
  Options:
    Timestamps enabled: yes
    Selective Acknowledgments enabled: yes
    Window Scale enabled: yes
    Explicit Congestion Notification (ECN) enabled: no
  Socket Statistics:
    Window Scale (wscale): 7,7
    Retransmission Timeout (rto): 201.0ms
    Round-trip Time (rtt/rtvar): 0.7ms/0.1ms
    Delayed Ack Timeout (ato): 40.0ms
    Congestion Window (cwnd): 10
    TCP Throughput: 170.35 Mbps
    Recv Round-trip Time (rcv_rtt): 1.0ms
    Advertised Recv Window (rcv_space): 14480

