! Command: show running-config
! device: s1-pe04 (cEOSLab, EOS-4.33.0F-39050855.4330F (engineering build))
!
no aaa root
aaa authentication policy local allow-nopassword-remote-login
!
username admin privilege 15 role network-admin nopassword
username ansible privilege 15 role network-admin secret sha512 $6$Dzu11L7yp9j3nCM9$FSptxMPyIL555OMO.ldnjDXgwZmrfMYwHSr0uznE5Qoqvd9a6UdjiFcJUhGLtvXVZR1r.A/iF5aAt50hf/EK4/
username arista privilege 15 role network-admin secret sha512 $6$7WhvEi5Ce5f5Ut3z$Ethmha7rb710RKsaVteusVOuNP1Utfjzse58xxbgiZp4MF0fp7BX5lAw8yBgv/HWCihVomuCSrsJx8wKnJ7Tm1
username tom privilege 15 role network-admin secret sha512 $6$TyWn7NeXe/vBRl1t$S4fEOkPmpTGz7TLHCzDNP8D2UfpO3ciC2MuGmCaFMVF3B7zt9KSnt9yq99y69XBIY1HV/kO4QjOk32yRQOru5.
!
management api http-commands
   no shutdown
   !
   vrf MGMT
      no shutdown
!
alias ale show ip hardware ale routes unprogrammed
alias ale6 show ipv6 hardware ale routes unprogrammed
alias cc clear counters
alias fabric show platform fap fabric rates mbps
alias fib show ip hardware fib routes | grep bgp | wc -l
alias fib6 show ipv6 hardware fib routes | grep bgp | wc -l
alias l3 show platform sand l3 summary
alias route6sum show ipv6 route summary
alias routesum show ip route summary
alias senz show interface counter error | nz
alias shmc show int | awk '/^[A-Z]/ { intf = $1 } /, address is/ { print intf, $6 }'
alias sli show lacp interface Ethernet %1 detailed
alias snz show interface counter | nz
alias spd show port-channel %1 detail all
alias sqnz show interface counter queue | nz
alias srnz show interface counter rate | nz
alias summary show bgp summary
alias summary6 show ipv6 bgp summary
!
vlan internal order ascending range 1006 1199
!
no service interface inactive port-id allocation disabled
!
transceiver qsfp default-mode 4x10G
!
service routing protocols model multi-agent
!
hostname s1-pe04
ip name-server vrf MGMT 8.8.8.8
ip name-server vrf MGMT 192.168.2.1
dns domain atd.lab
!
spanning-tree mode none
!
system l1
   unsupported speed action error
   unsupported error-correction action error
!
clock timezone Europe/Paris
!
vlan 1114
   name SVC01_C1_VLAN_SITE01_PE04
!
vrf instance ATM
!
vrf instance ETHERNET_VPN
!
vrf instance MGMT
!
aaa authorization exec default local
!
interface Ethernet1
   description P2P_s1-p01_Ethernet4
   mtu 1500
   no switchport
   ip address 10.255.3.12/31
   isis enable CORE
   isis circuit-type level-2
   isis metric 50
   isis hello padding
   isis network point-to-point
   isis authentication mode md5
   isis authentication key 7 CF67+ktUmao=
!
interface Ethernet2
   description P2P_s1-p02_Ethernet4
   mtu 1500
   no switchport
   ip address 10.255.3.14/31
   isis enable CORE
   isis circuit-type level-2
   isis metric 50
   isis hello padding
   isis network point-to-point
   isis authentication mode md5
   isis authentication key 7 CF67+ktUmao=
!
interface Ethernet4
   description ROUTER_s1-ce04_eth1
   switchport mode trunk
!
interface Ethernet5
   no switchport
!
interface Ethernet5.101
   description L3VPN Only USE CASE
   encapsulation dot1q vlan 101
   vrf ATM
   ip address 10.2.0.2/31
!
interface Loopback0
   description ROUTER_ID
   ip address 10.255.1.4/32
   node-segment ipv4 index 4
   isis enable CORE
   isis passive
!
interface Loopback1011
   description SVC_ETHERNET_LOOPBACK
   vrf ETHERNET_VPN
   ip address 10.1.255.4/32
!
interface Loopback1012
   description SVC_ETHERNET_LOOPBACK
   vrf ATM
   ip address 10.2.255.4/32
!
interface Management0
   description OOB_MANAGEMENT
   vrf MGMT
   ip address 192.168.2.14/24
!
interface Vlan1114
   description SVC01_C1_VLAN_SITE01_PE04
   vrf ETHERNET_VPN
   ip address virtual 10.1.4.1/24
!
ip virtual-router mac-address 00:1c:73:00:dc:00
!
ip routing
ip routing vrf ATM
ip routing vrf ETHERNET_VPN
no ip routing vrf MGMT
!
ip community-list CL-INGRESS-ATM-LP-110 permit 65000:10110
ip community-list CL-INGRESS-ATM-LP-90 permit 65000:10090
!
ip prefix-list PL-ATM-FAKE-PREFIX
   seq 10 permit 10.2.254.0/24
!
ip route vrf MGMT 10.73.0.0/16 192.168.2.1
!
mpls ip
!
ntp local-interface Management0
ntp server vrf MGMT 5.39.80.51 burst iburst local-interface Management0
ntp server vrf MGMT 193.52.136.2 prefer burst iburst local-interface Management0
!
route-map RM-MANAGE-WITH-COMMUNITIES permit 10
   description Configure LP to 90 for ATM
   match community CL-INGRESS-ATM-LP-90
   set local-preference 90
!
route-map RM-MANAGE-WITH-COMMUNITIES permit 20
   description Configure LP to 110 for ATM
   match community CL-INGRESS-ATM-LP-110
   set local-preference 110
!
router bfd
   multihop interval 300 min-rx 300 multiplier 3
!
router bgp 65000
   bgp asn notation asdot
   router-id 10.255.1.4
   no bgp default ipv4-unicast
   maximum-paths 4 ecmp 4
   neighbor ATM-BACKBONE peer group
   neighbor ATM-BACKBONE description ATM CONNECTITVITY
   neighbor MPLS-OVERLAY-PEERS peer group
   neighbor MPLS-OVERLAY-PEERS remote-as 65000
   neighbor MPLS-OVERLAY-PEERS update-source Loopback0
   neighbor MPLS-OVERLAY-PEERS bfd
   neighbor MPLS-OVERLAY-PEERS route-map RM-MANAGE-WITH-COMMUNITIES in
   neighbor MPLS-OVERLAY-PEERS send-community
   neighbor MPLS-OVERLAY-PEERS maximum-routes 0
   neighbor 10.255.0.1 peer group MPLS-OVERLAY-PEERS
   neighbor 10.255.0.1 description s1-p01_Loopback0
   neighbor 10.255.0.4 peer group MPLS-OVERLAY-PEERS
   neighbor 10.255.0.4 description s2-p02_Loopback0
   !
   vlan 1114
      rd 10.255.1.4:11114
      route-target both 11114:11114
      redistribute learned
   !
   address-family evpn
      bgp additional-paths receive
      neighbor default encapsulation mpls next-hop-self source-interface Loopback0
      neighbor MPLS-OVERLAY-PEERS activate
   !
   address-family ipv4
      neighbor ATM-BACKBONE activate
      no neighbor MPLS-OVERLAY-PEERS activate
   !
   vrf ATM
      rd 10.255.1.4:12
      route-target import evpn 12:12
      route-target export evpn 12:12
      router-id 10.255.1.4
      neighbor 10.2.0.3 peer group ATM-BACKBONE
      neighbor 10.2.0.3 remote-as 65101
      neighbor 10.2.0.3 description ATM CONNECTITVITY S1-CE04
      redistribute connected
      !
      address-family ipv4
         neighbor 10.2.0.3 activate
   !
   vrf ETHERNET_VPN
      rd 10.255.1.4:11
      route-target import evpn 11:11
      route-target export evpn 11:11
      router-id 10.255.1.4
      redistribute connected
!
router isis CORE
   net 49.0001.0102.5500.1004.00
   router-id ipv4 10.255.1.4
   is-type level-2
   log-adjacency-changes
   timers local-convergence-delay protected-prefixes
   set-overload-bit on-startup wait-for-bgp
   advertise passive-only
   spf-interval 1 50 100
   graceful-restart
   !
   address-family ipv4 unicast
      maximum-paths 4
      fast-reroute ti-lfa mode link-protection level-2
   !
   segment-routing mpls
      no shutdown
!
router multicast
   ipv4
      software-forwarding kernel
   !
   ipv6
      software-forwarding kernel
!
management ssh
   authentication empty-passwords permit
   !
   vrf MGMT
      no shutdown
!
end
